2023-12-14T11:43:14.466Z - step: 1:name:sdasadsdaadsasdd:type:supergroup:isBot:false:founderObject:1454688178:fromObject:6163683527

2023-12-14T11:43:14.468Z - step: 2:name:sdasadsdaadsasdd:type:supergroup:isBot:false:acceptedStatus:false:foundGroup:sdasadsdaadsasdd

2023-12-14T11:43:17.580Z - step: 1:name:sdasadsdaadsasdd:type:supergroup:isBot:false:founderObject:1454688178:fromObject:6163683527

2023-12-14T11:43:17.580Z - step: 2:name:sdasadsdaadsasdd:type:supergroup:isBot:false:acceptedStatus:false:foundGroup:sdasadsdaadsasdd

2023-12-14T11:43:41.744Z - step: 1:name:sdasadsdaadsasdd:type:supergroup:isBot:false:founderObject:1454688178:fromObject:6163683527

2023-12-14T11:43:41.744Z - step: 2:name:sdasadsdaadsasdd:type:supergroup:isBot:false:acceptedStatus:false:foundGroup:sdasadsdaadsasdd

2023-12-14T11:43:42.306Z - step: 1:name:sdasadsdaadsasdd:type:supergroup:isBot:false:founderObject:1454688178:fromObject:6163683527

2023-12-14T11:43:42.306Z - step: 2:name:sdasadsdaadsasdd:type:supergroup:isBot:false:acceptedStatus:false:foundGroup:sdasadsdaadsasdd

2023-12-14T11:43:42.806Z - step: 1:name:sdasadsdaadsasdd:type:supergroup:isBot:false:founderObject:1454688178:fromObject:6163683527

2023-12-14T11:43:42.807Z - step: 2:name:sdasadsdaadsasdd:type:supergroup:isBot:false:acceptedStatus:false:foundGroup:sdasadsdaadsasdd

2023-12-14T15:10:02.489Z - step: 1:name:sdasadsdaadsasdd:type:supergroup:isBot:false:founderObject:1454688178:fromObject:6163683527

2023-12-14T15:10:02.493Z - step: 2:name:sdasadsdaadsasdd:type:supergroup:isBot:false:acceptedStatus:false:foundGroup:sdasadsdaadsasdd

2023-12-14T15:10:29.453Z - step: 1:name:sdasadsdaadsasdd:type:supergroup:isBot:false:founderObject:1454688178:fromObject:6163683527

2023-12-14T15:10:29.456Z - step: 2:name:sdasadsdaadsasdd:type:supergroup:isBot:false:acceptedStatus:false:foundGroup:sdasadsdaadsasdd

2023-12-14T15:10:48.642Z - step: 1:name:sdasadsdaadsasdd:type:supergroup:isBot:false:founderObject:1454688178:fromObject:6163683527

2023-12-14T15:10:48.644Z - step: 2:name:sdasadsdaadsasdd:type:supergroup:isBot:false:acceptedStatus:false:foundGroup:sdasadsdaadsasdd

2023-12-14T15:10:49.238Z - step: 1:name:sdasadsdaadsasdd:type:supergroup:isBot:false:founderObject:1454688178:fromObject:6163683527

2023-12-14T15:10:49.238Z - step: 2:name:sdasadsdaadsasdd:type:supergroup:isBot:false:acceptedStatus:false:foundGroup:sdasadsdaadsasdd

2023-12-14T15:17:19.861Z - step: 1:name:sdasadsdaadsasdd:type:supergroup:isBot:false:founderObject:1454688178:fromObject:6163683527

2023-12-14T15:17:19.862Z - step: 2:name:sdasadsdaadsasdd:type:supergroup:isBot:false:acceptedStatus:false:foundGroup:sdasadsdaadsasdd

2023-12-14T15:18:15.397Z - step: 1:name:sdasadsdaadsasdd:type:supergroup:isBot:false:founderObject:1454688178:fromObject:6163683527

2023-12-14T15:18:15.397Z - step: 2:name:sdasadsdaadsasdd:type:supergroup:isBot:false:acceptedStatus:false:foundGroup:sdasadsdaadsasdd

2023-12-14T15:18:17.672Z - step: 1:name:sdasadsdaadsasdd:type:supergroup:isBot:false:founderObject:1454688178:fromObject:6163683527

2023-12-14T15:18:17.673Z - step: 2:name:sdasadsdaadsasdd:type:supergroup:isBot:false:acceptedStatus:false:foundGroup:sdasadsdaadsasdd

2023-12-14T15:18:19.422Z - step: 1:name:sdasadsdaadsasdd:type:supergroup:isBot:false:founderObject:1454688178:fromObject:6163683527

2023-12-14T15:18:19.422Z - step: 2:name:sdasadsdaadsasdd:type:supergroup:isBot:false:acceptedStatus:false:foundGroup:sdasadsdaadsasdd

2023-12-14T15:18:20.492Z - step: 1:name:sdasadsdaadsasdd:type:supergroup:isBot:false:founderObject:1454688178:fromObject:6163683527

2023-12-14T15:18:20.492Z - step: 2:name:sdasadsdaadsasdd:type:supergroup:isBot:false:acceptedStatus:false:foundGroup:sdasadsdaadsasdd

2023-12-14T15:18:21.569Z - step: 1:name:sdasadsdaadsasdd:type:supergroup:isBot:false:founderObject:1454688178:fromObject:6163683527

2023-12-14T15:18:21.569Z - step: 2:name:sdasadsdaadsasdd:type:supergroup:isBot:false:acceptedStatus:false:foundGroup:sdasadsdaadsasdd

2023-12-14T15:18:58.413Z - step: 1:name:sdasadsdaadsasdd:type:supergroup:isBot:false:founderObject:1454688178:fromObject:6163683527

2023-12-14T15:18:58.414Z - step: 2:name:sdasadsdaadsasdd:type:supergroup:isBot:false:acceptedStatus:false:foundGroup:sdasadsdaadsasdd

2023-12-14T15:19:00.884Z - step: 1:name:sdasadsdaadsasdd:type:supergroup:isBot:false:founderObject:1454688178:fromObject:6163683527

2023-12-14T15:19:00.884Z - step: 2:name:sdasadsdaadsasdd:type:supergroup:isBot:false:acceptedStatus:false:foundGroup:sdasadsdaadsasdd

2023-12-14T15:19:02.224Z - step: 1:name:sdasadsdaadsasdd:type:supergroup:isBot:false:founderObject:1454688178:fromObject:6163683527

2023-12-14T15:19:02.225Z - step: 2:name:sdasadsdaadsasdd:type:supergroup:isBot:false:acceptedStatus:false:foundGroup:sdasadsdaadsasdd

2023-12-14T15:19:03.544Z - step: 1:name:sdasadsdaadsasdd:type:supergroup:isBot:false:founderObject:1454688178:fromObject:6163683527

2023-12-14T15:19:03.545Z - step: 2:name:sdasadsdaadsasdd:type:supergroup:isBot:false:acceptedStatus:false:foundGroup:sdasadsdaadsasdd

2023-12-14T15:19:04.693Z - step: 1:name:sdasadsdaadsasdd:type:supergroup:isBot:false:founderObject:1454688178:fromObject:6163683527

2023-12-14T15:19:04.694Z - step: 2:name:sdasadsdaadsasdd:type:supergroup:isBot:false:acceptedStatus:false:foundGroup:sdasadsdaadsasdd

2023-12-14T15:19:05.669Z - step: 1:name:sdasadsdaadsasdd:type:supergroup:isBot:false:founderObject:1454688178:fromObject:6163683527

2023-12-14T15:19:05.669Z - step: 2:name:sdasadsdaadsasdd:type:supergroup:isBot:false:acceptedStatus:false:foundGroup:sdasadsdaadsasdd

2023-12-14T15:19:07.909Z - step: 1:name:sdasadsdaadsasdd:type:supergroup:isBot:false:founderObject:1454688178:fromObject:6163683527

2023-12-14T15:19:07.909Z - step: 2:name:sdasadsdaadsasdd:type:supergroup:isBot:false:acceptedStatus:false:foundGroup:sdasadsdaadsasdd

2023-12-14T15:19:09.059Z - step: 1:name:sdasadsdaadsasdd:type:supergroup:isBot:false:founderObject:1454688178:fromObject:6163683527

2023-12-14T15:19:09.060Z - step: 2:name:sdasadsdaadsasdd:type:supergroup:isBot:false:acceptedStatus:false:foundGroup:sdasadsdaadsasdd

2023-12-14T15:19:22.320Z - step: 1:name:sdasadsdaadsasdd:type:supergroup:isBot:false:founderObject:1454688178:fromObject:6163683527

2023-12-14T15:19:22.320Z - step: 2:name:sdasadsdaadsasdd:type:supergroup:isBot:false:acceptedStatus:false:foundGroup:sdasadsdaadsasdd

2023-12-14T15:19:54.480Z - step: 1:name:sdasadsdaadsasdd:type:supergroup:isBot:false:founderObject:1454688178:fromObject:6163683527

2023-12-14T15:19:54.481Z - step: 2:name:sdasadsdaadsasdd:type:supergroup:isBot:false:acceptedStatus:false:foundGroup:sdasadsdaadsasdd

2023-12-14T15:19:55.008Z - step: 1:name:sdasadsdaadsasdd:type:supergroup:isBot:false:founderObject:1454688178:fromObject:6163683527

2023-12-14T15:19:55.008Z - step: 2:name:sdasadsdaadsasdd:type:supergroup:isBot:false:acceptedStatus:false:foundGroup:sdasadsdaadsasdd

2023-12-14T15:20:09.150Z - step: 1:name:sdasadsdaadsasdd:type:supergroup:isBot:false:founderObject:1454688178:fromObject:6163683527

2023-12-14T15:20:09.150Z - step: 2:name:sdasadsdaadsasdd:type:supergroup:isBot:false:acceptedStatus:false:foundGroup:sdasadsdaadsasdd

2023-12-14T15:20:09.713Z - step: 1:name:sdasadsdaadsasdd:type:supergroup:isBot:false:founderObject:1454688178:fromObject:6163683527

2023-12-14T15:20:09.714Z - step: 2:name:sdasadsdaadsasdd:type:supergroup:isBot:false:acceptedStatus:false:foundGroup:sdasadsdaadsasdd

2023-12-14T15:20:31.447Z - step: 1:name:sdasadsdaadsasdd:type:supergroup:isBot:false:founderObject:1454688178:fromObject:6163683527

2023-12-14T15:20:31.447Z - step: 2:name:sdasadsdaadsasdd:type:supergroup:isBot:false:acceptedStatus:false:foundGroup:sdasadsdaadsasdd

2023-12-14T15:20:31.939Z - step: 1:name:sdasadsdaadsasdd:type:supergroup:isBot:false:founderObject:1454688178:fromObject:6163683527

2023-12-14T15:20:31.939Z - step: 2:name:sdasadsdaadsasdd:type:supergroup:isBot:false:acceptedStatus:false:foundGroup:sdasadsdaadsasdd

2023-12-14T15:20:32.415Z - step: 1:name:sdasadsdaadsasdd:type:supergroup:isBot:false:founderObject:1454688178:fromObject:6163683527

2023-12-14T15:20:32.415Z - step: 2:name:sdasadsdaadsasdd:type:supergroup:isBot:false:acceptedStatus:false:foundGroup:sdasadsdaadsasdd

2023-12-14T15:20:32.913Z - step: 1:name:sdasadsdaadsasdd:type:supergroup:isBot:false:founderObject:1454688178:fromObject:6163683527

2023-12-14T15:20:32.913Z - step: 2:name:sdasadsdaadsasdd:type:supergroup:isBot:false:acceptedStatus:false:foundGroup:sdasadsdaadsasdd

2023-12-14T15:20:33.415Z - step: 1:name:sdasadsdaadsasdd:type:supergroup:isBot:false:founderObject:1454688178:fromObject:6163683527

2023-12-14T15:20:33.415Z - step: 2:name:sdasadsdaadsasdd:type:supergroup:isBot:false:acceptedStatus:false:foundGroup:sdasadsdaadsasdd

2023-12-14T15:20:33.898Z - step: 1:name:sdasadsdaadsasdd:type:supergroup:isBot:false:founderObject:1454688178:fromObject:6163683527

2023-12-14T15:20:33.898Z - step: 2:name:sdasadsdaadsasdd:type:supergroup:isBot:false:acceptedStatus:false:foundGroup:sdasadsdaadsasdd

2023-12-14T15:21:24.394Z - step: 1:name:sdasadsdaadsasdd:type:supergroup:isBot:false:founderObject:1454688178:fromObject:6163683527

2023-12-14T15:21:24.394Z - step: 2:name:sdasadsdaadsasdd:type:supergroup:isBot:false:acceptedStatus:false:foundGroup:sdasadsdaadsasdd

2023-12-14T15:21:24.978Z - step: 1:name:sdasadsdaadsasdd:type:supergroup:isBot:false:founderObject:1454688178:fromObject:6163683527

2023-12-14T15:21:24.978Z - step: 2:name:sdasadsdaadsasdd:type:supergroup:isBot:false:acceptedStatus:false:foundGroup:sdasadsdaadsasdd

2023-12-14T15:21:25.384Z - step: 1:name:sdasadsdaadsasdd:type:supergroup:isBot:false:founderObject:1454688178:fromObject:6163683527

2023-12-14T15:21:25.385Z - step: 2:name:sdasadsdaadsasdd:type:supergroup:isBot:false:acceptedStatus:false:foundGroup:sdasadsdaadsasdd

2023-12-14T15:21:25.869Z - step: 1:name:sdasadsdaadsasdd:type:supergroup:isBot:false:founderObject:1454688178:fromObject:6163683527

2023-12-14T15:21:25.869Z - step: 2:name:sdasadsdaadsasdd:type:supergroup:isBot:false:acceptedStatus:false:foundGroup:sdasadsdaadsasdd

2023-12-14T15:21:34.359Z - step: 1:name:sdasadsdaadsasdd:type:supergroup:isBot:false:founderObject:1454688178:fromObject:6163683527

2023-12-14T15:21:34.359Z - step: 2:name:sdasadsdaadsasdd:type:supergroup:isBot:false:acceptedStatus:false:foundGroup:sdasadsdaadsasdd

2023-12-14T15:21:34.931Z - step: 1:name:sdasadsdaadsasdd:type:supergroup:isBot:false:founderObject:1454688178:fromObject:6163683527

2023-12-14T15:21:34.931Z - step: 2:name:sdasadsdaadsasdd:type:supergroup:isBot:false:acceptedStatus:false:foundGroup:sdasadsdaadsasdd

2023-12-14T15:21:35.408Z - step: 1:name:sdasadsdaadsasdd:type:supergroup:isBot:false:founderObject:1454688178:fromObject:6163683527

2023-12-14T15:21:35.409Z - step: 2:name:sdasadsdaadsasdd:type:supergroup:isBot:false:acceptedStatus:false:foundGroup:sdasadsdaadsasdd

2023-12-14T15:21:35.880Z - step: 1:name:sdasadsdaadsasdd:type:supergroup:isBot:false:founderObject:1454688178:fromObject:6163683527

2023-12-14T15:21:35.880Z - step: 2:name:sdasadsdaadsasdd:type:supergroup:isBot:false:acceptedStatus:false:foundGroup:sdasadsdaadsasdd

2023-12-14T15:21:36.541Z - step: 1:name:sdasadsdaadsasdd:type:supergroup:isBot:false:founderObject:1454688178:fromObject:6163683527

2023-12-14T15:21:36.541Z - step: 2:name:sdasadsdaadsasdd:type:supergroup:isBot:false:acceptedStatus:false:foundGroup:sdasadsdaadsasdd

2023-12-14T15:21:36.917Z - step: 1:name:sdasadsdaadsasdd:type:supergroup:isBot:false:founderObject:1454688178:fromObject:6163683527

2023-12-14T15:21:36.917Z - step: 2:name:sdasadsdaadsasdd:type:supergroup:isBot:false:acceptedStatus:false:foundGroup:sdasadsdaadsasdd

2023-12-14T15:22:09.254Z - step: 1:name:sdasadsdaadsasdd:type:supergroup:isBot:false:founderObject:1454688178:fromObject:6163683527

2023-12-14T15:22:09.254Z - step: 2:name:sdasadsdaadsasdd:type:supergroup:isBot:false:acceptedStatus:false:foundGroup:sdasadsdaadsasdd

2023-12-14T15:22:09.925Z - step: 1:name:sdasadsdaadsasdd:type:supergroup:isBot:false:founderObject:1454688178:fromObject:6163683527

2023-12-14T15:22:09.925Z - step: 2:name:sdasadsdaadsasdd:type:supergroup:isBot:false:acceptedStatus:false:foundGroup:sdasadsdaadsasdd

2023-12-14T15:22:15.881Z - step: 1:name:sdasadsdaadsasdd:type:supergroup:isBot:false:founderObject:1454688178:fromObject:6163683527

2023-12-14T15:22:15.882Z - step: 2:name:sdasadsdaadsasdd:type:supergroup:isBot:false:acceptedStatus:false:foundGroup:sdasadsdaadsasdd

2023-12-16T11:10:48.507Z - step: 1:name:HesoyamiJs:type:private:isBot:false:founderObject:undefined:fromObject:1454688178

2023-12-16T11:11:07.532Z - step: 1:name:HesoyamiJs:type:private:isBot:false:founderObject:undefined:fromObject:1454688178

2023-12-16T11:11:07.553Z - step: 1:name:HesoyamiJs:type:private:isBot:false:founderObject:undefined:fromObject:1454688178

2023-12-16T11:16:02.957Z - step: 1:name:HesoyamiJs:type:private:isBot:false:founderObject:undefined:fromObject:1454688178

2023-12-16T11:16:02.982Z - step: 1:name:HesoyamiJs:type:private:isBot:false:founderObject:undefined:fromObject:1454688178

2023-12-16T11:16:23.315Z - step: 1:name:sdasadsdaadsasdd:type:supergroup:isBot:false:founderObject:1454688178:fromObject:6163683527

2023-12-16T11:16:23.315Z - step: 2:name:sdasadsdaadsasdd:type:supergroup:isBot:false:acceptedStatus:false:foundGroup:sdasadsdaadsasdd

2023-12-16T11:16:36.482Z - step: 1:name:sdasadsdaadsasdd:type:supergroup:isBot:false:founderObject:1454688178:fromObject:6163683527

2023-12-16T11:16:36.484Z - step: 2:name:sdasadsdaadsasdd:type:supergroup:isBot:false:acceptedStatus:false:foundGroup:sdasadsdaadsasdd

2023-12-16T11:16:37.035Z - step: 1:name:sdasadsdaadsasdd:type:supergroup:isBot:false:founderObject:1454688178:fromObject:6163683527

2023-12-16T11:16:37.035Z - step: 2:name:sdasadsdaadsasdd:type:supergroup:isBot:false:acceptedStatus:false:foundGroup:sdasadsdaadsasdd

2023-12-16T11:17:19.982Z - step: 1:name:sdasadsdaadsasdd:type:supergroup:isBot:false:founderObject:1454688178:fromObject:6163683527

2023-12-16T11:17:19.982Z - step: 2:name:sdasadsdaadsasdd:type:supergroup:isBot:false:acceptedStatus:false:foundGroup:sdasadsdaadsasdd

2023-12-16T11:17:20.548Z - step: 1:name:sdasadsdaadsasdd:type:supergroup:isBot:false:founderObject:1454688178:fromObject:6163683527

2023-12-16T11:17:20.549Z - step: 2:name:sdasadsdaadsasdd:type:supergroup:isBot:false:acceptedStatus:false:foundGroup:sdasadsdaadsasdd

2023-12-16T11:17:24.213Z - step: 1:name:sdasadsdaadsasdd:type:supergroup:isBot:false:founderObject:1454688178:fromObject:6163683527

2023-12-16T11:17:24.213Z - step: 2:name:sdasadsdaadsasdd:type:supergroup:isBot:false:acceptedStatus:false:foundGroup:sdasadsdaadsasdd

2023-12-16T11:17:35.590Z - step: 1:name:sdasadsdaadsasdd:type:supergroup:isBot:false:founderObject:1454688178:fromObject:6163683527

2023-12-16T11:17:35.591Z - step: 2:name:sdasadsdaadsasdd:type:supergroup:isBot:false:acceptedStatus:false:foundGroup:sdasadsdaadsasdd

2023-12-16T11:17:53.340Z - step: 1:name:sdasadsdaadsasdd:type:supergroup:isBot:false:founderObject:1454688178:fromObject:6163683527

2023-12-16T11:17:53.343Z - step: 2:name:sdasadsdaadsasdd:type:supergroup:isBot:false:acceptedStatus:false:foundGroup:sdasadsdaadsasdd

2023-12-16T11:17:59.735Z - step: 1:name:sdasadsdaadsasdd:type:supergroup:isBot:false:founderObject:1454688178:fromObject:6163683527

2023-12-16T11:17:59.736Z - step: 2:name:sdasadsdaadsasdd:type:supergroup:isBot:false:acceptedStatus:false:foundGroup:sdasadsdaadsasdd

2023-12-16T11:18:00.248Z - step: 1:name:sdasadsdaadsasdd:type:supergroup:isBot:false:founderObject:1454688178:fromObject:6163683527

2023-12-16T11:18:00.249Z - step: 2:name:sdasadsdaadsasdd:type:supergroup:isBot:false:acceptedStatus:false:foundGroup:sdasadsdaadsasdd

2023-12-16T11:18:14.024Z - step: 1:name:sdasadsdaadsasdd:type:supergroup:isBot:false:founderObject:1454688178:fromObject:6163683527

2023-12-16T11:18:14.024Z - step: 2:name:sdasadsdaadsasdd:type:supergroup:isBot:false:acceptedStatus:false:foundGroup:sdasadsdaadsasdd

2023-12-16T11:18:14.513Z - step: 1:name:sdasadsdaadsasdd:type:supergroup:isBot:false:founderObject:1454688178:fromObject:6163683527

2023-12-16T11:18:14.513Z - step: 2:name:sdasadsdaadsasdd:type:supergroup:isBot:false:acceptedStatus:false:foundGroup:sdasadsdaadsasdd

2023-12-16T11:18:29.204Z - step: 1:name:sdasadsdaadsasdd:type:supergroup:isBot:false:founderObject:1454688178:fromObject:6163683527

2023-12-16T11:18:29.206Z - step: 2:name:sdasadsdaadsasdd:type:supergroup:isBot:false:acceptedStatus:false:foundGroup:sdasadsdaadsasdd

2023-12-16T11:18:29.830Z - step: 1:name:sdasadsdaadsasdd:type:supergroup:isBot:false:founderObject:1454688178:fromObject:6163683527

2023-12-16T11:18:29.831Z - step: 2:name:sdasadsdaadsasdd:type:supergroup:isBot:false:acceptedStatus:false:foundGroup:sdasadsdaadsasdd

2023-12-16T11:19:07.898Z - step: 1:name:sdasadsdaadsasdd:type:supergroup:isBot:false:founderObject:1454688178:fromObject:6163683527

2023-12-16T11:19:07.900Z - step: 2:name:sdasadsdaadsasdd:type:supergroup:isBot:false:acceptedStatus:false:foundGroup:sdasadsdaadsasdd

2023-12-16T11:19:08.472Z - step: 1:name:sdasadsdaadsasdd:type:supergroup:isBot:false:founderObject:1454688178:fromObject:6163683527

2023-12-16T11:19:08.472Z - step: 2:name:sdasadsdaadsasdd:type:supergroup:isBot:false:acceptedStatus:false:foundGroup:sdasadsdaadsasdd

2023-12-16T11:26:58.825Z - step: 1:name:sdasadsdaadsasdd:type:supergroup:isBot:false:founderObject:1454688178:fromObject:6163683527

2023-12-16T11:26:58.827Z - step: 2:name:sdasadsdaadsasdd:type:supergroup:isBot:false:acceptedStatus:false:foundGroup:sdasadsdaadsasdd

2023-12-16T11:27:14.566Z - step: 1:name:sdasadsdaadsasdd:type:supergroup:isBot:false:founderObject:1454688178:fromObject:6163683527

2023-12-16T11:27:14.567Z - step: 2:name:sdasadsdaadsasdd:type:supergroup:isBot:false:acceptedStatus:false:foundGroup:sdasadsdaadsasdd

2023-12-16T11:27:27.770Z - step: 1:name:sdasadsdaadsasdd:type:supergroup:isBot:false:founderObject:1454688178:fromObject:6163683527

2023-12-16T11:27:27.772Z - step: 2:name:sdasadsdaadsasdd:type:supergroup:isBot:false:acceptedStatus:false:foundGroup:sdasadsdaadsasdd

2023-12-16T11:27:28.233Z - step: 1:name:sdasadsdaadsasdd:type:supergroup:isBot:false:founderObject:1454688178:fromObject:6163683527

2023-12-16T11:27:28.233Z - step: 2:name:sdasadsdaadsasdd:type:supergroup:isBot:false:acceptedStatus:false:foundGroup:sdasadsdaadsasdd

2023-12-16T11:27:56.585Z - step: 1:name:sdasadsdaadsasdd:type:supergroup:isBot:false:founderObject:1454688178:fromObject:6163683527

2023-12-16T11:27:56.587Z - step: 2:name:sdasadsdaadsasdd:type:supergroup:isBot:false:acceptedStatus:false:foundGroup:sdasadsdaadsasdd

2023-12-16T11:28:32.613Z - step: 1:name:sdasadsdaadsasdd:type:supergroup:isBot:false:founderObject:1454688178:fromObject:6163683527

2023-12-16T11:28:32.613Z - step: 2:name:sdasadsdaadsasdd:type:supergroup:isBot:false:acceptedStatus:false:foundGroup:sdasadsdaadsasdd

2023-12-16T11:28:39.983Z - step: 1:name:sdasadsdaadsasdd:type:supergroup:isBot:false:founderObject:1454688178:fromObject:6163683527

2023-12-16T11:28:39.983Z - step: 2:name:sdasadsdaadsasdd:type:supergroup:isBot:false:acceptedStatus:false:foundGroup:sdasadsdaadsasdd

2023-12-16T11:29:08.162Z - step: 1:name:sdasadsdaadsasdd:type:supergroup:isBot:false:founderObject:1454688178:fromObject:6163683527

2023-12-16T11:29:08.164Z - step: 2:name:sdasadsdaadsasdd:type:supergroup:isBot:false:acceptedStatus:false:foundGroup:sdasadsdaadsasdd

2023-12-16T11:29:12.107Z - step: 1:name:sdasadsdaadsasdd:type:supergroup:isBot:false:founderObject:1454688178:fromObject:6163683527

2023-12-16T11:29:12.108Z - step: 2:name:sdasadsdaadsasdd:type:supergroup:isBot:false:acceptedStatus:false:foundGroup:sdasadsdaadsasdd

2023-12-16T11:29:31.795Z - step: 1:name:sdasadsdaadsasdd:type:supergroup:isBot:false:founderObject:1454688178:fromObject:6163683527

2023-12-16T11:29:31.797Z - step: 2:name:sdasadsdaadsasdd:type:supergroup:isBot:false:acceptedStatus:false:foundGroup:sdasadsdaadsasdd

2023-12-16T11:31:18.477Z - step: 1:name:sdasadsdaadsasdd:type:supergroup:isBot:false:founderObject:1454688178:fromObject:6163683527

2023-12-16T11:31:18.479Z - step: 2:name:sdasadsdaadsasdd:type:supergroup:isBot:false:acceptedStatus:false:foundGroup:sdasadsdaadsasdd

2023-12-16T11:31:30.680Z - step: 1:name:sdasadsdaadsasdd:type:supergroup:isBot:false:founderObject:1454688178:fromObject:6163683527

2023-12-16T11:31:30.681Z - step: 2:name:sdasadsdaadsasdd:type:supergroup:isBot:false:acceptedStatus:false:foundGroup:sdasadsdaadsasdd

2023-12-16T11:31:31.246Z - step: 1:name:sdasadsdaadsasdd:type:supergroup:isBot:false:founderObject:1454688178:fromObject:6163683527

2023-12-16T11:31:31.246Z - step: 2:name:sdasadsdaadsasdd:type:supergroup:isBot:false:acceptedStatus:false:foundGroup:sdasadsdaadsasdd

2023-12-16T11:31:31.762Z - step: 1:name:sdasadsdaadsasdd:type:supergroup:isBot:false:founderObject:1454688178:fromObject:6163683527

2023-12-16T11:31:31.762Z - step: 2:name:sdasadsdaadsasdd:type:supergroup:isBot:false:acceptedStatus:false:foundGroup:sdasadsdaadsasdd

2023-12-16T13:05:18.020Z - step: 1:name:sdasadsdaadsasdd:type:supergroup:isBot:false:founderObject:1454688178:fromObject:6163683527

2023-12-16T13:05:18.022Z - step: 2:name:sdasadsdaadsasdd:type:supergroup:isBot:false:acceptedStatus:false:foundGroup:sdasadsdaadsasdd

2023-12-16T13:05:21.776Z - step: 1:name:sdasadsdaadsasdd:type:supergroup:isBot:false:founderObject:1454688178:fromObject:6163683527

2023-12-16T13:05:21.777Z - step: 2:name:sdasadsdaadsasdd:type:supergroup:isBot:false:acceptedStatus:false:foundGroup:sdasadsdaadsasdd

2023-12-16T13:05:30.763Z - step: 1:name:sdasadsdaadsasdd:type:supergroup:isBot:false:founderObject:1454688178:fromObject:6163683527

2023-12-16T13:05:30.763Z - step: 2:name:sdasadsdaadsasdd:type:supergroup:isBot:false:acceptedStatus:false:foundGroup:sdasadsdaadsasdd

2023-12-16T13:06:45.108Z - step: 1:name:sdasadsdaadsasdd:type:supergroup:isBot:false:founderObject:1454688178:fromObject:6163683527

2023-12-16T13:07:32.174Z - step: 1:name:sdasadsdaadsasdd:type:supergroup:isBot:false:founderObject:1454688178:fromObject:6163683527

2023-12-16T13:08:09.297Z - step: 1:name:undefined:type:private:isBot:false:founderObject:undefined:fromObject:6163683527

2023-12-16T13:08:36.394Z - step: 1:name:undefined:type:private:isBot:false:founderObject:undefined:fromObject:6163683527

2023-12-16T13:08:39.971Z - step: 1:name:undefined:type:private:isBot:false:founderObject:undefined:fromObject:6163683527

2023-12-16T13:23:29.090Z - step: 1:name:undefined:type:private:isBot:false:founderObject:undefined:fromObject:6163683527

2023-12-16T13:23:30.998Z - step: 1:name:undefined:type:private:isBot:false:founderObject:undefined:fromObject:6163683527

2023-12-16T13:23:42.459Z - step: 1:name:undefined:type:private:isBot:false:founderObject:undefined:fromObject:6163683527

2023-12-16T13:23:46.619Z - step: 1:name:HesoyamiJs:type:private:isBot:false:founderObject:undefined:fromObject:1454688178

2023-12-16T13:23:51.871Z - step: 1:name:undefined:type:private:isBot:false:founderObject:undefined:fromObject:6163683527

2023-12-16T13:23:53.961Z - step: 1:name:undefined:type:private:isBot:false:founderObject:undefined:fromObject:6163683527

2023-12-16T13:23:56.194Z - step: 1:name:undefined:type:private:isBot:false:founderObject:undefined:fromObject:6163683527

2023-12-16T13:24:04.261Z - step: 1:name:undefined:type:private:isBot:false:founderObject:undefined:fromObject:6163683527

2023-12-16T13:24:17.983Z - step: 1:name:undefined:type:private:isBot:false:founderObject:undefined:fromObject:6163683527

2023-12-16T13:24:21.364Z - step: 1:name:undefined:type:private:isBot:false:founderObject:undefined:fromObject:6163683527

2023-12-16T18:07:40.114Z - step: 1:name:undefined:type:private:isBot:false:founderObject:undefined:fromObject:6163683527

2023-12-16T18:08:55.994Z - step: 1:name:undefined:type:private:isBot:false:founderObject:undefined:fromObject:6163683527

2023-12-16T18:09:01.424Z - step: 1:name:undefined:type:private:isBot:false:founderObject:undefined:fromObject:6163683527

2023-12-16T18:09:18.640Z - step: 1:name:undefined:type:private:isBot:false:founderObject:undefined:fromObject:6163683527

2023-12-17T12:32:17.136Z - step: 1:name:obiavleniamitishi:type:supergroup:isBot:false:founderObject:undefined:fromObject:6897009222

2023-12-17T12:32:39.797Z - step: 1:name:undefined:type:private:isBot:false:founderObject:undefined:fromObject:6163683527

2023-12-17T12:32:39.800Z - step: 1:name:undefined:type:private:isBot:false:founderObject:undefined:fromObject:6163683527

2023-12-17T12:32:39.800Z - step: 1:name:undefined:type:private:isBot:false:founderObject:undefined:fromObject:6163683527

2023-12-17T12:33:01.395Z - step: 1:name:undefined:type:private:isBot:false:founderObject:undefined:fromObject:6163683527

2023-12-17T12:33:37.646Z - step: 1:name:undefined:type:private:isBot:false:founderObject:undefined:fromObject:6163683527

2023-12-17T12:33:38.446Z - step: 1:name:undefined:type:private:isBot:false:founderObject:undefined:fromObject:6163683527

2023-12-17T12:34:47.797Z - step: 1:name:undefined:type:private:isBot:false:founderObject:undefined:fromObject:6163683527

2023-12-17T12:39:12.066Z - step: 1:name:undefined:type:private:isBot:false:founderObject:undefined:fromObject:6163683527

2023-12-17T12:40:41.659Z - step: 1:name:undefined:type:private:isBot:false:founderObject:undefined:fromObject:6163683527

2023-12-17T12:47:04.677Z - step: 1:name:undefined:type:private:isBot:false:founderObject:undefined:fromObject:6163683527

2023-12-17T12:47:12.360Z - step: 1:name:undefined:type:private:isBot:false:founderObject:undefined:fromObject:6163683527

2023-12-17T12:48:01.444Z - step: 1:name:undefined:type:private:isBot:false:founderObject:undefined:fromObject:6163683527

2023-12-17T12:48:31.943Z - step: 1:name:undefined:type:private:isBot:false:founderObject:undefined:fromObject:6163683527

2023-12-17T12:48:42.782Z - step: 1:name:undefined:type:private:isBot:false:founderObject:undefined:fromObject:6163683527

2023-12-17T12:48:53.026Z - step: 1:name:undefined:type:private:isBot:false:founderObject:undefined:fromObject:6163683527

2023-12-17T12:56:22.157Z - step: 1:name:undefined:type:private:isBot:false:founderObject:undefined:fromObject:6163683527

2023-12-17T12:56:25.534Z - step: 1:name:undefined:type:private:isBot:false:founderObject:undefined:fromObject:6163683527

2023-12-17T12:56:55.386Z - step: 1:name:undefined:type:private:isBot:false:founderObject:undefined:fromObject:6163683527

2023-12-17T12:56:58.915Z - step: 1:name:undefined:type:private:isBot:false:founderObject:undefined:fromObject:6163683527

2023-12-17T12:58:11.314Z - step: 1:name:undefined:type:private:isBot:false:founderObject:undefined:fromObject:6163683527

2023-12-17T12:58:14.694Z - step: 1:name:undefined:type:private:isBot:false:founderObject:undefined:fromObject:6163683527

2023-12-17T13:02:48.621Z - step: 1:name:undefined:type:private:isBot:false:founderObject:undefined:fromObject:6163683527

2023-12-17T13:03:03.348Z - step: 1:name:undefined:type:private:isBot:false:founderObject:undefined:fromObject:6163683527

2023-12-17T13:04:11.153Z - step: 1:name:undefined:type:private:isBot:false:founderObject:undefined:fromObject:6163683527

2023-12-17T13:04:19.347Z - step: 1:name:undefined:type:private:isBot:false:founderObject:undefined:fromObject:6163683527

2023-12-17T13:04:21.927Z - step: 1:name:undefined:type:private:isBot:false:founderObject:undefined:fromObject:6163683527

2023-12-17T13:16:00.269Z - step: 1:name:undefined:type:private:isBot:false:founderObject:undefined:fromObject:6163683527

2023-12-17T13:16:02.766Z - step: 1:name:undefined:type:private:isBot:false:founderObject:undefined:fromObject:6163683527

2023-12-17T13:16:05.324Z - step: 1:name:undefined:type:private:isBot:false:founderObject:undefined:fromObject:6163683527

2023-12-17T13:16:19.676Z - step: 1:name:undefined:type:private:isBot:false:founderObject:undefined:fromObject:6163683527

2023-12-17T13:16:25.528Z - step: 1:name:undefined:type:private:isBot:false:founderObject:undefined:fromObject:6163683527

2023-12-17T13:16:27.623Z - step: 1:name:undefined:type:private:isBot:false:founderObject:undefined:fromObject:6163683527

2023-12-18T13:33:55.328Z - step: 1:name:skupka_125_2:type:supergroup:isBot:false:founderObject:1452185211:fromObject:6163683527

2023-12-18T13:33:55.330Z - step: 2:name:skupka_125_2:type:supergroup:isBot:false:acceptedStatus:false:foundGroup:skupka_125_2

2023-12-18T13:33:57.583Z - step: 1:name:postavshikirff:type:supergroup:isBot:false:founderObject:1452185211:fromObject:6090010717

2023-12-18T13:33:57.584Z - step: 2:name:postavshikirff:type:supergroup:isBot:false:acceptedStatus:false:foundGroup:postavshikirff

2023-12-18T13:34:00.943Z - step: 1:name:biznestver:type:supergroup:isBot:false:founderObject:1452185211:fromObject:6749287471

2023-12-18T13:34:00.944Z - step: 2:name:biznestver:type:supergroup:isBot:false:acceptedStatus:false:foundGroup:biznestver

2023-12-18T13:34:07.133Z - step: 1:name:enakievo_adsZ:type:supergroup:isBot:false:founderObject:849392054:fromObject:5250483103

2023-12-18T13:34:07.133Z - step: 2:name:enakievo_adsZ:type:supergroup:isBot:false:acceptedStatus:false:foundGroup:enakievo_adsZ

2023-12-18T13:34:07.543Z - step: 1:name:enakievo_adsZ:type:supergroup:isBot:false:founderObject:849392054:fromObject:5250483103

2023-12-18T13:34:07.544Z - step: 2:name:enakievo_adsZ:type:supergroup:isBot:false:acceptedStatus:false:foundGroup:enakievo_adsZ

2023-12-18T13:34:07.562Z - step: 1:name:kavalerovobarax:type:supergroup:isBot:false:founderObject:1452185211:fromObject:6573768750

2023-12-18T13:34:07.562Z - step: 2:name:kavalerovobarax:type:supergroup:isBot:false:acceptedStatus:true:foundGroup:kavalerovobarax

2023-12-18T13:34:08.011Z - step: 1:name:kazanobayvlenia:type:supergroup:isBot:false:founderObject:6606318195:fromObject:6956177398

2023-12-18T13:34:08.011Z - step: 2:name:kazanobayvlenia:type:supergroup:isBot:false:acceptedStatus:false:foundGroup:kazanobayvlenia

2023-12-18T13:34:12.770Z - step: 1:name:iakutskbaraholka:type:supergroup:isBot:false:founderObject:6660577878:fromObject:5925887674

2023-12-18T13:34:12.771Z - step: 2:name:iakutskbaraholka:type:supergroup:isBot:false:acceptedStatus:false:foundGroup:iakutskbaraholka

2023-12-18T13:34:20.768Z - step: 1:name:riazanbaraholka:type:supergroup:isBot:false:founderObject:6606318195:fromObject:6607505252

2023-12-18T13:34:20.769Z - step: 2:name:riazanbaraholka:type:supergroup:isBot:false:acceptedStatus:false:foundGroup:riazanbaraholka

2023-12-18T13:34:34.080Z - step: 1:name:obiavlenianovorossiisk:type:supergroup:isBot:false:founderObject:5015947677:fromObject:6163683527

2023-12-18T13:34:38.726Z - step: 1:name:iaroslavlbaraholka:type:supergroup:isBot:false:founderObject:6660577878:fromObject:5874728018

2023-12-18T13:34:38.740Z - step: 2:name:iaroslavlbaraholka:type:supergroup:isBot:false:acceptedStatus:false:foundGroup:iaroslavlbaraholka

2023-12-18T13:34:48.197Z - step: 1:name:biznesrostovnadonu:type:supergroup:isBot:false:founderObject:1452185211:fromObject:6428785175

2023-12-18T13:34:48.204Z - step: 2:name:biznesrostovnadonu:type:supergroup:isBot:false:acceptedStatus:false:foundGroup:biznesrostovnadonu

2023-12-18T13:34:56.925Z - step: 1:name:enakievo_adsZ:type:supergroup:isBot:false:founderObject:849392054:fromObject:1069128764

2023-12-18T13:34:56.926Z - step: 2:name:enakievo_adsZ:type:supergroup:isBot:false:acceptedStatus:true:foundGroup:enakievo_adsZ

2023-12-18T13:34:57.321Z - step: 1:name:enakievo_adsZ:type:supergroup:isBot:false:founderObject:849392054:fromObject:1069128764

2023-12-18T13:34:57.322Z - step: 2:name:enakievo_adsZ:type:supergroup:isBot:false:acceptedStatus:true:foundGroup:enakievo_adsZ

2023-12-18T13:34:57.341Z - step: 1:name:enakievo_adsZ:type:supergroup:isBot:false:founderObject:849392054:fromObject:1069128764

2023-12-18T13:34:57.342Z - step: 2:name:enakievo_adsZ:type:supergroup:isBot:false:acceptedStatus:true:foundGroup:enakievo_adsZ

2023-12-18T13:34:57.359Z - step: 1:name:enakievo_adsZ:type:supergroup:isBot:false:founderObject:849392054:fromObject:1069128764

2023-12-18T13:34:57.359Z - step: 2:name:enakievo_adsZ:type:supergroup:isBot:false:acceptedStatus:true:foundGroup:enakievo_adsZ

2023-12-18T13:35:02.600Z - step: 1:name:obiavlenianovorossiisk:type:supergroup:isBot:false:founderObject:5015947677:fromObject:6914158110

2023-12-18T13:35:06.853Z - step: 1:name:enakievo_adsZ:type:supergroup:isBot:false:founderObject:849392054:fromObject:5250483103

2023-12-18T13:35:06.854Z - step: 2:name:enakievo_adsZ:type:supergroup:isBot:false:acceptedStatus:true:foundGroup:enakievo_adsZ

2023-12-18T13:35:07.257Z - step: 1:name:enakievo_adsZ:type:supergroup:isBot:false:founderObject:849392054:fromObject:5250483103

2023-12-18T13:35:07.258Z - step: 2:name:enakievo_adsZ:type:supergroup:isBot:false:acceptedStatus:true:foundGroup:enakievo_adsZ

2023-12-18T13:35:07.277Z - step: 1:name:kavalerovobarax:type:supergroup:isBot:false:founderObject:1452185211:fromObject:6573768750

2023-12-18T13:35:07.282Z - step: 2:name:kavalerovobarax:type:supergroup:isBot:false:acceptedStatus:true:foundGroup:kavalerovobarax

2023-12-18T13:35:29.104Z - step: 1:name:podolskbaraholka:type:supergroup:isBot:false:founderObject:6606318195:fromObject:6882360682

2023-12-18T13:35:29.108Z - step: 2:name:podolskbaraholka:type:supergroup:isBot:false:acceptedStatus:false:foundGroup:podolskbaraholka

2023-12-18T13:35:42.140Z - step: 1:name:dimasom1:type:private:isBot:false:founderObject:undefined:fromObject:6660577878

2023-12-18T13:35:45.507Z - step: 1:name:dimasom1:type:private:isBot:false:founderObject:undefined:fromObject:6660577878

2023-12-18T13:36:01.744Z - step: 1:name:himkiobiavlenia:type:supergroup:isBot:false:founderObject:6660577878:fromObject:6419930757

2023-12-18T13:36:01.751Z - step: 2:name:himkiobiavlenia:type:supergroup:isBot:false:acceptedStatus:false:foundGroup:himkiobiavlenia

2023-12-18T13:36:03.243Z - step: 1:name:himkibaraholka:type:supergroup:isBot:false:founderObject:6660577878:fromObject:6419930757

2023-12-18T13:36:03.249Z - step: 2:name:himkibaraholka:type:supergroup:isBot:false:acceptedStatus:false:foundGroup:himkibaraholka

2023-12-18T13:36:09.338Z - step: 1:name:skupka_125_2:type:supergroup:isBot:false:founderObject:1452185211:fromObject:6163683527

2023-12-18T13:36:09.345Z - step: 2:name:skupka_125_2:type:supergroup:isBot:false:acceptedStatus:false:foundGroup:skupka_125_2

2023-12-18T13:36:10.454Z - step: 1:name:baraholkavltop:type:supergroup:isBot:false:founderObject:1452185211:fromObject:6365217806

2023-12-18T13:36:10.460Z - step: 2:name:baraholkavltop:type:supergroup:isBot:false:acceptedStatus:false:foundGroup:baraholkavltop

2023-12-18T13:36:11.248Z - step: 1:name:podolskobiavlenia:type:supergroup:isBot:false:founderObject:6606318195:fromObject:6434559929

2023-12-18T13:36:11.252Z - step: 2:name:podolskobiavlenia:type:supergroup:isBot:false:acceptedStatus:false:foundGroup:podolskobiavlenia

2023-12-18T13:36:17.459Z - step: 1:name:baraholkavltop:type:supergroup:isBot:false:founderObject:1452185211:fromObject:6930539340

2023-12-18T13:36:17.465Z - step: 2:name:baraholkavltop:type:supergroup:isBot:false:acceptedStatus:false:foundGroup:baraholkavltop

2023-12-18T13:36:20.416Z - step: 1:name:baraholkahimki:type:supergroup:isBot:false:founderObject:6660577878:fromObject:6419930757

2023-12-18T13:36:20.420Z - step: 2:name:baraholkahimki:type:supergroup:isBot:false:acceptedStatus:false:foundGroup:baraholkahimki

2023-12-18T13:36:35.222Z - step: 1:name:mihailvoroninq:type:private:isBot:false:founderObject:undefined:fromObject:6606318195

2023-12-18T13:36:36.920Z - step: 1:name:mihailvoroninq:type:private:isBot:false:founderObject:undefined:fromObject:6606318195

2023-12-18T13:36:39.491Z - step: 1:name:podolskobiavlenia:type:supergroup:isBot:false:founderObject:6606318195:fromObject:6283493925

2023-12-18T13:36:39.495Z - step: 2:name:podolskobiavlenia:type:supergroup:isBot:false:acceptedStatus:false:foundGroup:podolskobiavlenia

2023-12-18T13:36:40.484Z - step: 1:name:mihailvoroninq:type:private:isBot:false:founderObject:undefined:fromObject:6606318195

2023-12-18T13:36:47.987Z - step: 1:name:enakievo_adsZ:type:supergroup:isBot:false:founderObject:849392054:fromObject:6539533863

2023-12-18T13:36:47.987Z - step: 2:name:enakievo_adsZ:type:supergroup:isBot:false:acceptedStatus:false:foundGroup:enakievo_adsZ

2023-12-18T13:36:50.663Z - step: 1:name:podolskbaraholka:type:supergroup:isBot:false:founderObject:6606318195:fromObject:6897009222

2023-12-18T13:36:50.665Z - step: 2:name:podolskbaraholka:type:supergroup:isBot:false:acceptedStatus:false:foundGroup:podolskbaraholka

2023-12-18T13:37:21.313Z - step: 1:name:podolskbaraholka:type:supergroup:isBot:false:founderObject:6606318195:fromObject:6882360682

2023-12-18T13:37:21.316Z - step: 2:name:podolskbaraholka:type:supergroup:isBot:false:acceptedStatus:false:foundGroup:podolskbaraholka

2023-12-18T13:37:43.608Z - step: 1:name:magnitogorskobiavlenia:type:supergroup:isBot:false:founderObject:6660577878:fromObject:6749287471

2023-12-18T13:37:43.615Z - step: 2:name:magnitogorskobiavlenia:type:supergroup:isBot:false:acceptedStatus:false:foundGroup:magnitogorskobiavlenia

2023-12-18T13:38:04.001Z - step: 1:name:mihailvoroninq:type:private:isBot:false:founderObject:undefined:fromObject:6606318195

2023-12-18T13:38:06.960Z - step: 1:name:mihailvoroninq:type:private:isBot:false:founderObject:undefined:fromObject:6606318195

